<?xml version="1.0" encoding="UTF-8"?>
<!-- Generated by org.testng.reporters.JUnitReportReporter -->
<testsuite skipped="0" hostname="7road-wuguo" name="wu.guo.four.Practice1OnTestNG" tests="1" failures="0" timestamp="09 二月 2018 06:35:30 GMT" time="0.030" errors="0">
  <testcase name="test" time="0.030" classname="wu.guo.four.Practice1OnTestNG"/>
</testsuite> <!-- wu.guo.four.Practice1OnTestNG -->
