<?xml version="1.0" encoding="UTF-8"?>
<!-- Generated by org.testng.reporters.JUnitReportReporter -->
<testsuite skipped="0" hostname="7road-wuguo" name="wu.guo.two.work.MutipleBrowsers" tests="2" failures="0" timestamp="08 二月 2018 04:26:51 GMT" time="40.037" errors="0">
  <testcase name="submodule3" time="22.563" classname="wu.guo.two.work.MutipleBrowsers"/>
  <testcase name="submodule2" time="17.474" classname="wu.guo.two.work.MutipleBrowsers"/>
</testsuite> <!-- wu.guo.two.work.MutipleBrowsers -->
