<?xml version="1.0" encoding="UTF-8"?>
<!-- Generated by org.testng.reporters.JUnitReportReporter -->
<testsuite skipped="0" hostname="7road-wuguo" name="wu.guo.one.Testng1" tests="8" failures="0" timestamp="07 二月 2018 03:39:48 GMT" time="0.019" errors="0">
  <testcase name="test1" time="0.004" classname="wu.guo.one.Testng1"/>
  <testcase name="test2" time="0.001" classname="wu.guo.one.Testng1"/>
  <testcase name="test4" time="0.002" classname="wu.guo.one.Testng1"/>
  <testcase name="test3" time="0.003" classname="wu.guo.one.Testng1"/>
  <testcase name="test4" time="0.005" classname="wu.guo.one.Testng1"/>
  <testcase name="test3" time="0.001" classname="wu.guo.one.Testng1"/>
  <testcase name="test1" time="0.001" classname="wu.guo.one.Testng1"/>
  <testcase name="test2" time="0.002" classname="wu.guo.one.Testng1"/>
</testsuite> <!-- wu.guo.one.Testng1 -->
