<?xml version="1.0" encoding="UTF-8"?>
<!-- Generated by org.testng.reporters.JUnitReportReporter -->
<testsuite skipped="0" hostname="7road-wuguo" name="wu.guo.five.TestCase" tests="1" failures="0" timestamp="13 二月 2018 03:26:08 GMT" time="14.286" errors="0">
  <testcase name="changeIframe" time="14.286" classname="wu.guo.five.TestCase"/>
</testsuite> <!-- wu.guo.five.TestCase -->
