<?xml version="1.0" encoding="UTF-8"?>
<!-- Generated by org.testng.reporters.JUnitReportReporter -->
<testsuite skipped="0" hostname="7road-wuguo" name="wu.guo.one.Testng2" tests="1" failures="0" timestamp="07 二月 2018 03:47:44 GMT" time="0.005" errors="0">
  <testcase name="bSlowTest" time="0.005" classname="wu.guo.one.Testng2"/>
</testsuite> <!-- wu.guo.one.Testng2 -->
