<?xml version="1.0" encoding="UTF-8"?>
<!-- Generated by org.testng.reporters.JUnitReportReporter -->
<testsuite skipped="0" hostname="7road-wuguo" name="wu.guo.one.Testng3" tests="3" failures="0" timestamp="07 二月 2018 07:23:37 GMT" time="0.012" errors="0">
  <testcase name="testSubModule3" time="0.002" classname="wu.guo.one.Testng3"/>
  <testcase name="testSubModule1" time="0.008" classname="wu.guo.one.Testng3"/>
  <testcase name="testSubModule2" time="0.002" classname="wu.guo.one.Testng3"/>
</testsuite> <!-- wu.guo.one.Testng3 -->
