<?xml version="1.0" encoding="UTF-8"?>
<!-- Generated by org.testng.reporters.JUnitReportReporter -->
<testsuite skipped="0" hostname="7road-wuguo" name="wu.guo.four.Practice2OnTestNG" tests="1" failures="0" timestamp="09 二月 2018 06:43:49 GMT" time="0.012" errors="0">
  <testcase name="test" time="0.012" classname="wu.guo.four.Practice2OnTestNG"/>
</testsuite> <!-- wu.guo.four.Practice2OnTestNG -->
