<?xml version="1.0" encoding="UTF-8"?>
<!-- Generated by org.testng.reporters.JUnitReportReporter -->
<testsuite skipped="0" hostname="7road-wuguo" name="wu.guo.two.LaunchFF" tests="1" failures="0" timestamp="07 二月 2018 04:21:15 GMT" time="7.300" errors="0">
  <testcase name="searchOnBaidu" time="7.300" classname="wu.guo.two.LaunchFF"/>
</testsuite> <!-- wu.guo.two.LaunchFF -->
